\BOOKMARK [1][-]{Section.0.Introduction.1}{Introduction}{}% 1
\BOOKMARK [1][-]{Section.1.SUR and Spatial SUR models.1}{SUR and Spatial SUR models}{}% 2
\BOOKMARK [2][-]{Subsection.2.0.Testing for spatial effects.2}{Testing for spatial effects}{Section.1.SUR and Spatial SUR models.1}% 3
\BOOKMARK [2][-]{Subsection.2.1.The IV estimation for spatial SUR models.2}{The IV estimation for spatial SUR models}{Section.1.SUR and Spatial SUR models.1}% 4
\BOOKMARK [2][-]{Subsection.2.2.Software review.2}{Software review}{Section.1.SUR and Spatial SUR models.1}% 5
\BOOKMARK [1][-]{Section.2.Introducing the spsur package.1}{Introducing the spsur package}{}% 6
\BOOKMARK [2][-]{Subsection.3.0.Datasets and baseline models.2}{Datasets and baseline models}{Section.2.Introducing the spsur package.1}% 7
\BOOKMARK [3][-]{Subsubsection.3.1.0.The LM tests in spsur package.3}{The LM tests in spsur package}{Subsection.3.0.Datasets and baseline models.2}% 8
\BOOKMARK [3][-]{Subsubsection.3.1.1.Maximum Likelihood estimation of spatial SUR models.3}{Maximum Likelihood estimation of spatial SUR models}{Subsection.3.0.Datasets and baseline models.2}% 9
\BOOKMARK [3][-]{Subsubsection.3.1.2.3SLS estimation.3}{3SLS estimation}{Subsection.3.0.Datasets and baseline models.2}% 10
\BOOKMARK [2][-]{Subsection.3.1.Spatial panel SUR models.2}{Spatial panel SUR models}{Section.2.Introducing the spsur package.1}% 11
\BOOKMARK [3][-]{Subsubsection.3.2.0.A case of example.3}{A case of example}{Subsection.3.1.Spatial panel SUR models.2}% 12
\BOOKMARK [1][-]{Section.3.Misspecification tests and other utilities.1}{Misspecification tests and other utilities}{}% 13
\BOOKMARK [2][-]{Subsection.4.0.Testing for the diagonality of the covariance matrix.2}{Testing for the diagonality of the covariance matrix}{Section.3.Misspecification tests and other utilities.1}% 14
\BOOKMARK [2][-]{Subsection.4.1.Marginal Lagrange Multipliers.2}{Marginal Lagrange Multipliers}{Section.3.Misspecification tests and other utilities.1}% 15
\BOOKMARK [2][-]{Subsection.4.2.Likelihood Ratio tests.2}{Likelihood Ratio tests}{Section.3.Misspecification tests and other utilities.1}% 16
\BOOKMARK [2][-]{Subsection.4.3.Testing for linear restrictions on the parameters.2}{Testing for linear restrictions on the parameters}{Section.3.Misspecification tests and other utilities.1}% 17
\BOOKMARK [3][-]{Subsubsection.4.4.0.Illustration.3}{Illustration}{Subsection.4.3.Testing for linear restrictions on the parameters.2}% 18
\BOOKMARK [1][-]{Section.4.Direct, Indirect and Total impacts.1}{Direct, Indirect and Total impacts}{}% 19
\BOOKMARK [2][-]{Subsubsection.5.0.0.A case of example.3}{A case of example}{Section.4.Direct, Indirect and Total impacts.1}% 20
\BOOKMARK [1][-]{Section.5.A general case: G, Tm and N bigger than 1.1}{A general case: G, Tm and N bigger than 1}{}% 21
\BOOKMARK [1][-]{Section.6.How to generate random spatial SUR datasets.1}{How to generate random spatial SUR datasets}{}% 22
\BOOKMARK [1][-]{Section.7.Conclusions and Directions for Future Research.1}{Conclusions and Directions for Future Research}{}% 23
